<?xml version="1.0" encoding="UTF-8"?>
<testsuite name="com.lavidatec.template.dao.inf.IUsersDaoTest" tests="5" skipped="0" failures="0" errors="0" timestamp="2017-09-13T12:49:47" hostname="Suhmian-PC" time="2.473">
  <properties/>
  <testcase name="findListUsersTest" classname="com.lavidatec.template.dao.inf.IUsersDaoTest" time="2.253"/>
  <testcase name="persistUsersTest" classname="com.lavidatec.template.dao.inf.IUsersDaoTest" time="0.153"/>
  <testcase name="mergeUsersTest" classname="com.lavidatec.template.dao.inf.IUsersDaoTest" time="0.038"/>
  <testcase name="removeUsersTest" classname="com.lavidatec.template.dao.inf.IUsersDaoTest" time="0.023"/>
  <testcase name="findUsersTest" classname="com.lavidatec.template.dao.inf.IUsersDaoTest" time="0.006"/>
  <system-out><![CDATA[[2017-09-13 20:49:47:931][INFO ][com.lavidatec.template.dao.UsersDaoImpl-usersFindList] Start usersFind
[2017-09-13 20:49:48:084][INFO ][org.hibernate.jpa.internal.util.LogHelper-logPersistenceUnitInformation] HHH000204: Processing PersistenceUnitInfo [
	name: unitdbconn
	...]
[2017-09-13 20:49:48:177][INFO ][org.hibernate.Version-logVersion] HHH000412: Hibernate Core {5.2.8.Final}
[2017-09-13 20:49:48:181][INFO ][org.hibernate.cfg.Environment-<clinit>] HHH000206: hibernate.properties not found
[2017-09-13 20:49:48:246][INFO ][org.hibernate.annotations.common.reflection.java.JavaReflectionManager-<clinit>] HCANN000001: Hibernate Commons Annotations {5.0.1.Final}
[2017-09-13 20:49:48:371][INFO ][org.hibernate.engine.jdbc.connections.internal.ConnectionProviderInitiator-initiateService] HHH000130: Instantiating explicit connection provider: org.hibernate.connection.C3P0ConnectionProvider
[2017-09-13 20:49:48:376][INFO ][org.hibernate.c3p0.internal.C3P0ConnectionProvider-configure] HHH010002: C3P0 using driver: com.mysql.jdbc.Driver at URL: jdbc:mysql://localhost:3306/unitdb
[2017-09-13 20:49:48:377][INFO ][org.hibernate.c3p0.internal.C3P0ConnectionProvider-configure] HHH10001001: Connection properties: {user=root, password=****}
[2017-09-13 20:49:48:378][INFO ][org.hibernate.c3p0.internal.C3P0ConnectionProvider-configure] HHH10001003: Autocommit mode: false
[2017-09-13 20:49:48:388][WARN ][org.hibernate.c3p0.internal.C3P0ConnectionProvider-warnPropertyConflict] HHH010001: Both hibernate-style property 'hibernate.c3p0.timeout' and c3p0-style property 'hibernate.c3p0.maxIdleTime' have been set in Hibernate properties.  Hibernate-style property 'hibernate.c3p0.timeout' will be used and c3p0-style property 'hibernate.c3p0.maxIdleTime' will be ignored!
[2017-09-13 20:49:48:413][INFO ][com.mchange.v2.log.slf4j.Slf4jMLog$Slf4jMLogger$InfoLogger-log] MLog clients using slf4j logging.
[2017-09-13 20:49:48:540][INFO ][com.mchange.v2.log.slf4j.Slf4jMLog$Slf4jMLogger$InfoLogger-log] Initializing c3p0-0.9.5.2 [built 08-December-2015 22:06:04 -0800; debug? true; trace: 10]
[2017-09-13 20:49:48:599][INFO ][org.hibernate.c3p0.internal.C3P0ConnectionProvider-configure] HHH10001007: JDBC isolation level: <unknown>
[2017-09-13 20:49:48:629][INFO ][com.mchange.v2.log.slf4j.Slf4jMLog$Slf4jMLogger$InfoLogger-log] Initializing c3p0 pool... com.mchange.v2.c3p0.PoolBackedDataSource@8c4d733d [ connectionPoolDataSource -> com.mchange.v2.c3p0.WrapperConnectionPoolDataSource@56895f2d [ acquireIncrement -> 1, acquireRetryAttempts -> 10, acquireRetryDelay -> 500, autoCommitOnClose -> false, automaticTestTable -> C3p0_Test, breakAfterAcquireFailure -> false, checkoutTimeout -> 3600, connectionCustomizerClassName -> null, connectionTesterClassName -> com.mchange.v2.c3p0.impl.DefaultConnectionTester, contextClassLoaderSource -> library, debugUnreturnedConnectionStackTraces -> false, factoryClassLocation -> null, forceIgnoreUnresolvedTransactions -> false, forceSynchronousCheckins -> false, identityToken -> 1hge7ep9qy7hqjr1fxtvlq|54293988, idleConnectionTestPeriod -> 50, initialPoolSize -> 5, maxAdministrativeTaskTime -> 0, maxConnectionAge -> 0, maxIdleTime -> 3600, maxIdleTimeExcessConnections -> 0, maxPoolSize -> 100, maxStatements -> 50, maxStatementsPerConnection -> 0, minPoolSize -> 5, nestedDataSource -> com.mchange.v2.c3p0.DriverManagerDataSource@b5076a60 [ description -> null, driverClass -> null, factoryClassLocation -> null, forceUseNamedDriverClass -> false, identityToken -> 1hge7ep9qy7hqjr1fxtvlq|df46b29, jdbcUrl -> jdbc:mysql://localhost:3306/unitdb, properties -> {user=******, password=******} ], preferredTestQuery -> null, privilegeSpawnedThreads -> true, propertyCycle -> 0, statementCacheNumDeferredCloseThreads -> 0, testConnectionOnCheckin -> true, testConnectionOnCheckout -> false, unreturnedConnectionTimeout -> 0, usesTraditionalReflectiveProxies -> false; userOverrides: {} ], dataSourceName -> null, extensions -> {}, factoryClassLocation -> null, identityToken -> 1hge7ep9qy7hqjr1fxtvlq|1176b917, numHelperThreads -> 3 ]
[2017-09-13 20:49:49:040][INFO ][org.hibernate.dialect.Dialect-<init>] HHH000400: Using dialect: org.hibernate.dialect.MySQLDialect
[2017-09-13 20:49:49:782][INFO ][org.hibernate.resource.transaction.backend.jdbc.internal.DdlTransactionIsolatorNonJtaImpl-getIsolatedConnection] HHH10001501: Connection obtained from JdbcConnectionAccess [org.hibernate.engine.jdbc.env.internal.JdbcEnvironmentInitiator$ConnectionProviderJdbcConnectionAccess@2ed86d11] for (non-JTA) DDL execution was not in auto-commit mode; the Connection 'local transaction' will be committed and the Connection will be set into auto-commit mode.
[2017-09-13 20:49:49:952][INFO ][org.hibernate.hql.internal.QueryTranslatorFactoryInitiator-initiateService] HHH000397: Using ASTQueryTranslatorFactory
Hibernate: select usersmodel0_.p_key as p_key1_1_, usersmodel0_.Account as Account2_1_, usersmodel0_.Identifier as Identifi3_1_, usersmodel0_.OrderList as OrderLis4_1_, usersmodel0_.Password as Password5_1_, usersmodel0_.UpdateTime as UpdateTi6_1_ from Unit_Users usersmodel0_ where 1=1 and usersmodel0_.Account=? order by usersmodel0_.UpdateTime Desc
[2017-09-13 20:49:50:179][INFO ][com.lavidatec.template.dao.UsersDaoImpl-usersFindList] End usersFind
[2017-09-13 20:49:50:180][INFO ][com.lavidatec.template.dao.inf.IUsersDaoTest-findListUsersTest] findListUsersTestOptional[[]]
[2017-09-13 20:49:50:181][INFO ][com.lavidatec.template.dao.UsersDaoImpl-usersFind] Start usersFind
[2017-09-13 20:49:50:183][INFO ][com.lavidatec.template.dao.UsersDaoImpl-usersFind] SQL : From UsersModel Where 1=1 AND account = :account  Order By updateTime Desc
Hibernate: select usersmodel0_.p_key as p_key1_1_, usersmodel0_.Account as Account2_1_, usersmodel0_.Identifier as Identifi3_1_, usersmodel0_.OrderList as OrderLis4_1_, usersmodel0_.Password as Password5_1_, usersmodel0_.UpdateTime as UpdateTi6_1_ from Unit_Users usersmodel0_ where 1=1 and usersmodel0_.Account=? order by usersmodel0_.UpdateTime Desc
[2017-09-13 20:49:50:189][ERROR][com.lavidatec.template.dao.UsersDaoImpl-usersFind] Find error:java.lang.IndexOutOfBoundsException: Index: 0, Size: 0
[2017-09-13 20:49:50:190][INFO ][com.lavidatec.template.dao.UsersDaoImpl-usersFind] End usersFind
[2017-09-13 20:49:50:201][INFO ][com.lavidatec.template.dao.UsersDaoImpl-usersPersist] Start usersPersist
Hibernate: select next_val as id_val from hibernate_sequence for update
Hibernate: update hibernate_sequence set next_val= ? where next_val=?
Hibernate: insert into Unit_Users (Account, Identifier, OrderList, Password, UpdateTime, p_key) values (?, ?, ?, ?, ?, ?)
[2017-09-13 20:49:50:333][INFO ][com.lavidatec.template.dao.UsersDaoImpl-usersPersist] End usersPersist
[2017-09-13 20:49:50:334][INFO ][com.lavidatec.template.dao.inf.IUsersDaoTest-persistUsersTest] persistUsersTest1
[2017-09-13 20:49:50:334][INFO ][com.lavidatec.template.dao.UsersDaoImpl-usersFind] Start usersFind
[2017-09-13 20:49:50:335][INFO ][com.lavidatec.template.dao.UsersDaoImpl-usersFind] SQL : From UsersModel Where 1=1 AND account = :account  Order By updateTime Desc
Hibernate: select usersmodel0_.p_key as p_key1_1_, usersmodel0_.Account as Account2_1_, usersmodel0_.Identifier as Identifi3_1_, usersmodel0_.OrderList as OrderLis4_1_, usersmodel0_.Password as Password5_1_, usersmodel0_.UpdateTime as UpdateTi6_1_ from Unit_Users usersmodel0_ where 1=1 and usersmodel0_.Account=? order by usersmodel0_.UpdateTime Desc
[2017-09-13 20:49:50:352][INFO ][com.lavidatec.template.dao.UsersDaoImpl-usersFind] End usersFind
[2017-09-13 20:49:50:353][INFO ][com.lavidatec.template.dao.UsersDaoImpl-usersMerge] Start usersMerge
Hibernate: select usersmodel0_.p_key as p_key1_1_0_, usersmodel0_.Account as Account2_1_0_, usersmodel0_.Identifier as Identifi3_1_0_, usersmodel0_.OrderList as OrderLis4_1_0_, usersmodel0_.Password as Password5_1_0_, usersmodel0_.UpdateTime as UpdateTi6_1_0_ from Unit_Users usersmodel0_ where usersmodel0_.p_key=?
Hibernate: update Unit_Users set Account=?, Identifier=?, OrderList=?, Password=?, UpdateTime=? where p_key=?
[2017-09-13 20:49:50:371][INFO ][com.lavidatec.template.dao.UsersDaoImpl-usersMerge] End usersMerge
[2017-09-13 20:49:50:372][INFO ][com.lavidatec.template.dao.inf.IUsersDaoTest-mergeUsersTest] mergeUsersTest1
[2017-09-13 20:49:50:372][INFO ][com.lavidatec.template.dao.UsersDaoImpl-usersFind] Start usersFind
[2017-09-13 20:49:50:373][INFO ][com.lavidatec.template.dao.UsersDaoImpl-usersFind] SQL : From UsersModel Where 1=1 AND account = :account  Order By updateTime Desc
Hibernate: select usersmodel0_.p_key as p_key1_1_, usersmodel0_.Account as Account2_1_, usersmodel0_.Identifier as Identifi3_1_, usersmodel0_.OrderList as OrderLis4_1_, usersmodel0_.Password as Password5_1_, usersmodel0_.UpdateTime as UpdateTi6_1_ from Unit_Users usersmodel0_ where 1=1 and usersmodel0_.Account=? order by usersmodel0_.UpdateTime Desc
[2017-09-13 20:49:50:377][INFO ][com.lavidatec.template.dao.UsersDaoImpl-usersFind] End usersFind
[2017-09-13 20:49:50:378][INFO ][com.lavidatec.template.dao.UsersDaoImpl-usersRemove] Start usersRemove
Hibernate: select usersmodel0_.p_key as p_key1_1_0_, usersmodel0_.Account as Account2_1_0_, usersmodel0_.Identifier as Identifi3_1_0_, usersmodel0_.OrderList as OrderLis4_1_0_, usersmodel0_.Password as Password5_1_0_, usersmodel0_.UpdateTime as UpdateTi6_1_0_ from Unit_Users usersmodel0_ where usersmodel0_.p_key=?
Hibernate: delete from Unit_Users where p_key=?
[2017-09-13 20:49:50:394][INFO ][com.lavidatec.template.dao.UsersDaoImpl-usersRemove] End usersRemove
[2017-09-13 20:49:50:394][INFO ][com.lavidatec.template.dao.inf.IUsersDaoTest-removeUsersTest] removeUsersTest1
[2017-09-13 20:49:50:395][INFO ][com.lavidatec.template.dao.UsersDaoImpl-usersFind] Start usersFind
[2017-09-13 20:49:50:396][INFO ][com.lavidatec.template.dao.UsersDaoImpl-usersFind] SQL : From UsersModel Where 1=1 AND account = :account  Order By updateTime Desc
Hibernate: select usersmodel0_.p_key as p_key1_1_, usersmodel0_.Account as Account2_1_, usersmodel0_.Identifier as Identifi3_1_, usersmodel0_.OrderList as OrderLis4_1_, usersmodel0_.Password as Password5_1_, usersmodel0_.UpdateTime as UpdateTi6_1_ from Unit_Users usersmodel0_ where 1=1 and usersmodel0_.Account=? order by usersmodel0_.UpdateTime Desc
[2017-09-13 20:49:50:399][ERROR][com.lavidatec.template.dao.UsersDaoImpl-usersFind] Find error:java.lang.IndexOutOfBoundsException: Index: 0, Size: 0
[2017-09-13 20:49:50:399][INFO ][com.lavidatec.template.dao.UsersDaoImpl-usersFind] End usersFind
[2017-09-13 20:49:50:399][INFO ][com.lavidatec.template.dao.inf.IUsersDaoTest-findUsersTest] findUsersTestOptional.empty
]]></system-out>
  <system-err><![CDATA[Wed Sep 13 20:49:48 CST 2017 WARN: Establishing SSL connection without server's identity verification is not recommended. According to MySQL 5.5.45+, 5.6.26+ and 5.7.6+ requirements SSL connection must be established by default if explicit option isn't set. For compliance with existing applications not using SSL the verifyServerCertificate property is set to 'false'. You need either to explicitly disable SSL by setting useSSL=false, or set useSSL=true and provide truststore for server certificate verification.
Wed Sep 13 20:49:49 CST 2017 WARN: Establishing SSL connection without server's identity verification is not recommended. According to MySQL 5.5.45+, 5.6.26+ and 5.7.6+ requirements SSL connection must be established by default if explicit option isn't set. For compliance with existing applications not using SSL the verifyServerCertificate property is set to 'false'. You need either to explicitly disable SSL by setting useSSL=false, or set useSSL=true and provide truststore for server certificate verification.
Wed Sep 13 20:49:49 CST 2017 WARN: Establishing SSL connection without server's identity verification is not recommended. According to MySQL 5.5.45+, 5.6.26+ and 5.7.6+ requirements SSL connection must be established by default if explicit option isn't set. For compliance with existing applications not using SSL the verifyServerCertificate property is set to 'false'. You need either to explicitly disable SSL by setting useSSL=false, or set useSSL=true and provide truststore for server certificate verification.
Wed Sep 13 20:49:49 CST 2017 WARN: Establishing SSL connection without server's identity verification is not recommended. According to MySQL 5.5.45+, 5.6.26+ and 5.7.6+ requirements SSL connection must be established by default if explicit option isn't set. For compliance with existing applications not using SSL the verifyServerCertificate property is set to 'false'. You need either to explicitly disable SSL by setting useSSL=false, or set useSSL=true and provide truststore for server certificate verification.
Wed Sep 13 20:49:49 CST 2017 WARN: Establishing SSL connection without server's identity verification is not recommended. According to MySQL 5.5.45+, 5.6.26+ and 5.7.6+ requirements SSL connection must be established by default if explicit option isn't set. For compliance with existing applications not using SSL the verifyServerCertificate property is set to 'false'. You need either to explicitly disable SSL by setting useSSL=false, or set useSSL=true and provide truststore for server certificate verification.
Wed Sep 13 20:49:49 CST 2017 WARN: Establishing SSL connection without server's identity verification is not recommended. According to MySQL 5.5.45+, 5.6.26+ and 5.7.6+ requirements SSL connection must be established by default if explicit option isn't set. For compliance with existing applications not using SSL the verifyServerCertificate property is set to 'false'. You need either to explicitly disable SSL by setting useSSL=false, or set useSSL=true and provide truststore for server certificate verification.
]]></system-err>
</testsuite>
