<?xml version="1.0" encoding="UTF-8"?>
<testsuite name="com.lavidatec.template.service.UnitUsersServiceTest" tests="5" skipped="0" failures="0" errors="0" timestamp="2017-09-13T06:39:31" hostname="Suhmian-PC" time="0.001">
  <properties/>
  <testcase name="findListUsersTest" classname="com.lavidatec.template.service.UnitUsersServiceTest" time="0.0"/>
  <testcase name="persistUsersTest" classname="com.lavidatec.template.service.UnitUsersServiceTest" time="0.0"/>
  <testcase name="mergeUsersTest" classname="com.lavidatec.template.service.UnitUsersServiceTest" time="0.0"/>
  <testcase name="removeUsersTest" classname="com.lavidatec.template.service.UnitUsersServiceTest" time="0.0"/>
  <testcase name="findUsersTest" classname="com.lavidatec.template.service.UnitUsersServiceTest" time="0.0"/>
  <system-out><![CDATA[]]></system-out>
  <system-err><![CDATA[]]></system-err>
</testsuite>
